<?xml version="1.0" encoding="utf-8"?><testsuites name="pytest tests"><testsuite name="pytest" errors="0" failures="0" skipped="0" tests="7" time="9.980" timestamp="2026-09-05T12:37:22.883764+00:00" hostname="agent-env-db630ec3-d2bf-40f9-926e-8168d7b65cd3"><testcase classname="tests.test_ai_features.TestAIChat" name="test_chat_stream_and_session_persistence" time="7.643" /><testcase classname="tests.test_ai_features.TestGenerateDescription" name="test_requires_seller_auth" time="0.928" /><testcase classname="tests.test_ai_features.TestGenerateDescription" name="test_generate_description_authenticated" time="3.740" /><testcase classname="tests.test_ai_features.TestDesignRoom" name="test_design_room_returns_plan_with_products" time="3.554" /><testcase classname="tests.test_ai_features.TestAIChat" name="test_chat_validation_empty_message" time="0.148" /><testcase classname="tests.test_ai_features.TestAISearch" name="test_search_returns_valid_filters" time="0.875" /><testcase classname="tests.test_ai_features.TestAISearch" name="test_search_ambiguous_returns_all" time="0.966" /></testsuite></testsuites>