<?xml version="1.0" encoding="utf-8"?><testsuites name="pytest tests"><testsuite name="pytest" errors="0" failures="0" skipped="0" tests="10" time="2.856" timestamp="2026-08-13T19:12:03.395890+00:00" hostname="agent-env-db630ec3-d2bf-40f9-926e-8168d7b65cd3"><testcase classname="tests.test_phase2.TestCoupons" name="test_list_coupons" time="0.271" /><testcase classname="tests.test_phase2.TestOtp" name="test_send_otp" time="0.339" /><testcase classname="tests.test_phase2.TestCoupons" name="test_apply_welcome10" time="0.145" /><testcase classname="tests.test_phase2.TestOtp" name="test_verify_creates_user" time="0.631" /><testcase classname="tests.test_phase2.TestCoupons" name="test_apply_invalid" time="0.282" /><testcase classname="tests.test_phase2.TestCoupons" name="test_terra200_min_order" time="0.136" /><testcase classname="tests.test_phase2.TestCoupons" name="test_terra200_valid" time="0.227" /><testcase classname="tests.test_phase2.TestOtp" name="test_invalid_otp_length" time="0.125" /><testcase classname="tests.test_phase2.TestOrders" name="test_order_flow" time="1.244" /><testcase classname="tests.test_phase2.TestAddresses" name="test_address_crud" time="1.240" /></testsuite></testsuites>