<?xml version="1.0" encoding="utf-8"?><testsuites name="pytest tests"><testsuite name="pytest" errors="0" failures="0" skipped="0" tests="13" time="4.296" timestamp="2026-09-05T09:04:49.032344+00:00" hostname="agent-env-db630ec3-d2bf-40f9-926e-8168d7b65cd3"><testcase classname="tests.test_phase8_uploads_and_partial.TestUploads" name="test_upload_unauth_returns_401" time="0.333" /><testcase classname="tests.test_phase8_uploads_and_partial.TestUploads" name="test_upload_non_image_returns_400" time="0.496" /><testcase classname="tests.test_phase8_uploads_and_partial.TestUploads" name="test_upload_empty_returns_400" time="0.112" /><testcase classname="tests.test_phase8_uploads_and_partial.TestUploads" name="test_upload_too_large_returns_400" time="0.376" /><testcase classname="tests.test_phase8_uploads_and_partial.TestUploads" name="test_upload_valid_png_and_public_get" time="0.567" /><testcase classname="tests.test_phase8_uploads_and_partial.TestPartialPatch" name="test_patch_only_price" time="0.208" /><testcase classname="tests.test_phase8_uploads_and_partial.TestPartialPatch" name="test_patch_only_stock" time="0.116" /><testcase classname="tests.test_phase8_uploads_and_partial.TestPartialPatch" name="test_patch_empty_images_400" time="0.106" /><testcase classname="tests.test_phase8_uploads_and_partial.TestPartialPatch" name="test_patch_unknown_category_400" time="0.094" /><testcase classname="tests.test_phase8_uploads_and_partial.TestPartialPatch" name="test_patch_by_other_seller_404" time="0.417" /><testcase classname="tests.test_phase8_uploads_and_partial.TestLowStockFlag" name="test_low_stock_true_and_false" time="0.435" /><testcase classname="tests.test_phase8_uploads_and_partial.TestDenyPaths" name="test_seller_products_denied_for_buyer" time="0.426" /><testcase classname="tests.test_phase8_uploads_and_partial.TestDenyPaths" name="test_seller_products_denied_for_admin" time="0.537" /></testsuite></testsuites>