<?xml version="1.0" encoding="utf-8"?><testsuites name="pytest tests"><testsuite name="pytest" errors="0" failures="0" skipped="0" tests="54" time="84.129" timestamp="2026-09-05T03:54:34.792400+00:00" hostname="agent-env-db630ec3-d2bf-40f9-926e-8168d7b65cd3"><testcase classname="tests.test_phase3.TestCoupons" name="test_list_coupons" time="0.362" /><testcase classname="tests.test_auth_security" name="test_admin_login_and_httponly_cookies" time="0.574" /><testcase classname="tests.test_phase3.TestCoupons" name="test_expired_coupon_rejected" time="0.281" /><testcase classname="tests.test_auth_security" name="test_bcrypt_hash_format" time="0.008" /><testcase classname="tests.test_auth_security" name="test_me_does_not_leak_password_hash" time="0.501" /><testcase classname="tests.test_phase3.TestCoupons" name="test_invalid_coupon" time="0.358" /><testcase classname="tests.test_phase3.TestCoupons" name="test_welcome10_discount" time="0.420" /><testcase classname="tests.test_auth_security" name="test_cors_allows_credentials_with_explicit_origin" time="0.229" /><testcase classname="tests.test_auth_security" name="test_wrong_password_401" time="0.371" /><testcase classname="tests.test_phase3.TestCoupons" name="test_welcome10_max_off_cap" time="0.311" /><testcase classname="tests.test_auth_security" name="test_brute_force_lockout_after_5_failures" time="2.431" /><testcase classname="tests.test_phase3.TestCoupons" name="test_terra200_min_order" time="0.125" /><testcase classname="tests.test_phase3.TestCoupons" name="test_terra200_ok" time="0.262" /><testcase classname="tests.test_phase3.TestCoupons" name="test_coupon_lowercase_accepted" time="0.363" /><testcase classname="tests.test_phase3.TestPayments" name="test_config_disabled" time="0.097" /><testcase classname="tests.test_phase3.TestPayments" name="test_upi_order_demo_payment_flow" time="1.640" /><testcase classname="tests.test_phase2.TestCoupons" name="test_list_coupons" time="0.095" /><testcase classname="tests.test_phase3.TestPayments" name="test_cod_order_rejects_payment" time="0.225" /><testcase classname="tests.test_phase2.TestCoupons" name="test_apply_welcome10" time="0.136" /><testcase classname="tests.test_phase2.TestCoupons" name="test_apply_invalid" time="0.130" /><testcase classname="tests.test_phase3.TestPayments" name="test_payment_requires_auth" time="0.239" /><testcase classname="tests.test_phase2.TestCoupons" name="test_terra200_min_order" time="0.118" /><testcase classname="tests.test_phase2.TestCoupons" name="test_terra200_valid" time="0.099" /><testcase classname="tests.test_phase3.TestPayments" name="test_already_paid_rejected" time="0.559" /><testcase classname="tests.test_phase3.TestSimilarBundles" name="test_similar" time="0.199" /><testcase classname="tests.test_phase3.TestSimilarBundles" name="test_similar_404" time="0.142" /><testcase classname="tests.test_phase3.TestSimilarBundles" name="test_bought_together" time="0.162" /><testcase classname="tests.test_phase3.TestSimilarBundles" name="test_bought_together_404" time="0.355" /><testcase classname="tests.test_phase3.TestSellerOrders" name="test_seller_orders_scoped" time="0.919" /><testcase classname="tests.test_phase3.TestCancel" name="test_cancel_placed_order" time="0.880" /><testcase classname="tests.test_phase3.TestSellerOrders" name="test_seller_advance_status" time="1.220" /><testcase classname="tests.test_phase3.TestCancel" name="test_cancel_confirmed_order" time="0.558" /><testcase classname="tests.test_phase3.TestSellerOrders" name="test_seller_invalid_status_rejected" time="0.782" /><testcase classname="tests.test_phase3.TestCancel" name="test_cancel_shipped_order_rejected" time="1.300" /><testcase classname="tests.test_phase3.TestSellerOrders" name="test_seller_orders_buyer_forbidden" time="0.110" /><testcase classname="tests.test_phase3.TestSellerOrders" name="test_seller_cannot_update_foreign_order" time="0.368" /><testcase classname="tests.test_phase3.TestCancel" name="test_cancel_other_users_order_404" time="0.251" /><testcase classname="tests.test_phase2.TestOtp" name="test_send_otp" time="0.144" /><testcase classname="tests.test_phase3.TestBulkUpload" name="test_bulk_upload_valid_and_invalid" time="0.425" /><testcase classname="tests.test_phase2.TestOtp" name="test_verify_creates_user" time="0.429" /><testcase classname="tests.test_phase3.TestBulkUpload" name="test_bulk_upload_buyer_forbidden" time="0.162" /><testcase classname="tests.test_phase2.TestOtp" name="test_invalid_otp_length" time="0.147" /><testcase classname="tests.test_phase3.TestBulkUpload" name="test_bulk_upload_unauth" time="0.177" /><testcase classname="tests.test_phase3_regressions.TestLoginLockoutRegression" name="test_lockout_on_sixth_attempt" time="2.657" /><testcase classname="tests.test_phase3_regressions.TestCouponListingRegression" name="test_list_returns_only_three_active_coupons" time="0.275" /><testcase classname="tests.test_phase3_regressions.TestCouponListingRegression" name="test_expired_coupon_hidden_but_still_rejected" time="0.337" /><testcase classname="tests.test_phase3_regressions.TestBulkUploadSellerVerifiedRegression" name="test_unverified_seller_bulk_product_has_seller_verified_false" time="1.304" /><testcase classname="tests.test_phase3_regressions.TestBulkUploadSellerVerifiedRegression" name="test_verified_seller_bulk_product_has_seller_verified_true" time="1.118" /><testcase classname="tests.test_phase3_regressions.TestLoginLockoutRegression" name="test_successful_login_resets_counter" time="59.831" /><testcase classname="tests.test_phase3_regressions.TestLoginLockoutRegression" name="test_lockout_does_not_affect_other_accounts" time="2.801" /><testcase classname="tests.test_phase2.TestAddresses" name="test_address_crud" time="0.819" /><testcase classname="tests.test_phase3_regressions.TestCheckoutSanity" name="test_welcome10_checkout_demo_payment_confirms_order" time="69.440" /><testcase classname="tests.test_phase3_regressions.TestCheckoutSanity" name="test_cod_order_stays_unpaid_and_cancellable" time="0.388" /><testcase classname="tests.test_phase2.TestOrders" name="test_order_flow" time="1.051" /></testsuite></testsuites>