<?xml version="1.0" encoding="utf-8"?><testsuites name="pytest tests"><testsuite name="pytest" errors="0" failures="0" skipped="0" tests="63" time="18.472" timestamp="2026-09-05T06:34:54.534495+00:00" hostname="agent-env-db630ec3-d2bf-40f9-926e-8168d7b65cd3"><testcase classname="tests.test_phase5_admin.TestAdminRBAC" name="test_unauthenticated_401[/admin/stats]" time="0.129" /><testcase classname="tests.test_phase5_admin.TestAdminRBAC" name="test_unauthenticated_401[/admin/sellers]" time="0.228" /><testcase classname="tests.test_phase5_admin.TestAdminRBAC" name="test_unauthenticated_401[/admin/products]" time="0.103" /><testcase classname="tests.test_phase5_admin.TestAdminRBAC" name="test_unauthenticated_401[/admin/orders]" time="0.094" /><testcase classname="tests.test_phase7_seller_products.TestSellerProductCRUD" name="test_list_own_products" time="0.630" /><testcase classname="tests.test_phase7_seller_products.TestSellerProductCRUD" name="test_create_and_persist" time="0.470" /><testcase classname="tests.test_phase5_admin.TestAdminRBAC" name="test_buyer_403[/admin/stats]" time="0.456" /><testcase classname="tests.test_phase5_admin.TestAdminRBAC" name="test_buyer_403[/admin/sellers]" time="0.169" /><testcase classname="tests.test_phase7_seller_products.TestSellerProductCRUD" name="test_create_missing_images_400" time="0.235" /><testcase classname="tests.test_phase5_admin.TestAdminRBAC" name="test_buyer_403[/admin/products]" time="0.105" /><testcase classname="tests.test_phase5_admin.TestAdminRBAC" name="test_buyer_403[/admin/orders]" time="0.093" /><testcase classname="tests.test_phase7_seller_products.TestSellerProductCRUD" name="test_create_unknown_category_400" time="0.100" /><testcase classname="tests.test_phase7_seller_products.TestSellerProductCRUD" name="test_create_invalid_price_422" time="0.267" /><testcase classname="tests.test_phase5_admin.TestAdminRBAC" name="test_seller_403[/admin/stats]" time="0.416" /><testcase classname="tests.test_phase7_seller_products.TestSellerProductCRUD" name="test_patch_updates_and_persists" time="0.348" /><testcase classname="tests.test_phase5_admin.TestAdminRBAC" name="test_seller_403[/admin/sellers]" time="0.098" /><testcase classname="tests.test_phase5_admin.TestAdminRBAC" name="test_seller_403[/admin/products]" time="0.101" /><testcase classname="tests.test_phase5_admin.TestAdminRBAC" name="test_seller_403[/admin/orders]" time="0.098" /><testcase classname="tests.test_phase7_seller_products.TestSellerProductCRUD" name="test_patch_other_seller_product_404" time="0.805" /><testcase classname="tests.test_phase5_admin.TestAdminRBAC" name="test_seller_cannot_login_as_admin_role" time="0.325" /><testcase classname="tests.test_phase5_admin.TestAdminRBAC" name="test_admin_wrong_password" time="0.674" /><testcase classname="tests.test_phase7_seller_products.TestSellerProductCRUD" name="test_delete_and_verify_removal" time="0.865" /><testcase classname="tests.test_phase5_admin.TestAdminRBAC" name="test_mutating_admin_endpoints_reject_non_admin" time="0.299" /><testcase classname="tests.test_auth_security" name="test_admin_login_and_httponly_cookies" time="0.327" /><testcase classname="tests.test_auth_security" name="test_bcrypt_hash_format" time="0.071" /><testcase classname="tests.test_auth_security" name="test_me_does_not_leak_password_hash" time="0.707" /><testcase classname="tests.test_auth_security" name="test_cors_allows_credentials_with_explicit_origin" time="0.227" /><testcase classname="tests.test_phase7_seller_products.TestSellerProductCRUD" name="test_rbac" time="2.346" /><testcase classname="tests.test_auth_security" name="test_wrong_password_401" time="0.319" /><testcase classname="tests.test_auth_security" name="test_brute_force_lockout_after_5_failures" time="2.235" /><testcase classname="tests.test_phase5_admin.TestAdminSellers" name="test_list_sellers_fields" time="0.775" /><testcase classname="tests.test_phase5_admin.TestAdminSellers" name="test_verify_toggle_propagates_to_products" time="1.169" /><testcase classname="tests.test_phase5_admin.TestAdminProducts" name="test_list_products_enriched" time="0.428" /><testcase classname="tests.test_phase5_admin.TestAdminProducts" name="test_search_filter" time="0.116" /><testcase classname="tests.test_phase5_admin.TestAdminProducts" name="test_category_filter" time="0.113" /><testcase classname="tests.test_phase5_admin.TestAdminProducts" name="test_delete_product" time="1.316" /><testcase classname="tests.test_phase5_admin.TestAdminSellers" name="test_verify_unknown_seller_404" time="0.260" /><testcase classname="tests.test_phase5_admin.TestAdminSellers" name="test_delete_seller_cascades" time="1.189" /><testcase classname="tests.test_phase5_admin.TestAdminProducts" name="test_delete_unknown_product_404" time="0.105" /><testcase classname="tests.test_phase5_admin.TestAdminOrders" name="test_list_all_orders" time="0.143" /><testcase classname="tests.test_phase5_admin.TestAdminSellers" name="test_delete_unknown_seller_404" time="0.103" /><testcase classname="tests.test_phase5_admin.TestAdminOrders" name="test_status_filter" time="0.414" /><testcase classname="tests.test_phase5_admin.TestAuthPlaybook" name="test_login_sets_httponly_cookies" time="0.372" /><testcase classname="tests.test_phase5_admin.TestAdminOrders" name="test_status_all_returns_everything" time="0.452" /><testcase classname="tests.test_phase5_admin.TestAuthPlaybook" name="test_bcrypt_hash_format" time="0.079" /><testcase classname="tests.test_phase5_admin.TestAuthPlaybook" name="test_cors_allows_credentials_explicit_origin" time="0.000" /><testcase classname="tests.test_phase5_admin.TestAuthPlaybook" name="test_brute_force_lockout_after_5_failures" time="2.291" /><testcase classname="tests.test_phase5_admin.TestAdminOrders" name="test_admin_sees_more_than_single_buyer" time="0.612" /><testcase classname="tests.test_phase8_seller_trial_regression.TestFreshSellerTrial" name="test_subscription_active_with_days_left" time="1.659" /><testcase classname="tests.test_phase8_seller_trial_regression.TestFreshSellerTrial" name="test_dashboard_reports_active" time="0.099" /><testcase classname="tests.test_phase8_seller_trial_regression.TestFreshSellerTrial" name="test_can_create_single_product" time="0.329" /><testcase classname="tests.test_phase8_seller_trial_regression.TestFreshSellerTrial" name="test_can_bulk_upload" time="0.196" /><testcase classname="tests.test_phase7_seller_products.TestForwardOnlyStatus" name="test_full_forward_flow_and_violations" time="2.804" /><testcase classname="tests.test_phase7_seller_products.TestDashboardStats" name="test_stats_shape_and_real_values" time="0.866" /><testcase classname="tests.test_phase7_seller_products.TestDashboardStats" name="test_adding_product_bumps_count" time="0.509" /><testcase classname="tests.test_phase7_seller_products.TestForwardOnlyStatus" name="test_shipped_without_link_ok" time="0.788" /><testcase classname="tests.test_phase6_new_seller_onboarding.TestNewSellerOnboarding" name="test_new_seller_has_subscription_window" time="0.607" /><testcase classname="tests.test_phase6_new_seller_onboarding.TestNewSellerOnboarding" name="test_new_seller_can_bulk_upload" time="0.553" /><testcase classname="tests.test_phase7_seller_products.TestForwardOnlyStatus" name="test_status_rbac" time="1.080" /><testcase classname="tests.test_phase8_seller_trial_regression.TestPauseAndExpiry" name="test_pause_blocks_product_create" time="1.469" /><testcase classname="tests.test_phase5_admin.TestAdminStats" name="test_stats_shape" time="0.124" /><testcase classname="tests.test_phase8_seller_trial_regression.TestPauseAndExpiry" name="test_forced_expiry_reports_expired_and_blocks" time="0.231" /><testcase classname="tests.test_phase8_seller_trial_regression.TestExistingSeller" name="test_seeded_seller_still_active" time="0.554" /></testsuite></testsuites>